<?xml version="1.0" encoding="UTF-8"?>
<testsuite xmlns:xsi="http://www.w3.org/2001/XMLSchema-instance" xsi:noNamespaceSchemaLocation="https://maven.apache.org/surefire/maven-surefire-plugin/xsd/surefire-test-report.xsd" name="dao.user.UserDaoImplTest" time="4.94" tests="1" errors="0" skipped="0" failures="0">
  <properties>
    <property name="sun.desktop" value="windows"/>
    <property name="awt.toolkit" value="sun.awt.windows.WToolkit"/>
    <property name="file.encoding.pkg" value="sun.io"/>
    <property name="java.specification.version" value="1.8"/>
    <property name="sun.cpu.isalist" value="amd64"/>
    <property name="sun.jnu.encoding" value="Cp1251"/>
    <property name="java.class.path" value="C:\Users\iland\tommultimodule\dao\target\test-classes;C:\Users\iland\tommultimodule\dao\target\generated-classes\cobertura;C:\Users\iland\tommultimodule\model\target\model-1.0-SNAPSHOT.jar;C:\Users\iland\.m2\repository\junit\junit\4.11\junit-4.11.jar;C:\Users\iland\.m2\repository\org\hamcrest\hamcrest-core\1.3\hamcrest-core-1.3.jar;C:\Users\iland\.m2\repository\mysql\mysql-connector-java\8.0.16\mysql-connector-java-8.0.16.jar;C:\Users\iland\.m2\repository\com\google\protobuf\protobuf-java\3.6.1\protobuf-java-3.6.1.jar;C:\Users\iland\.m2\repository\commons-lang\commons-lang\2.6\commons-lang-2.6.jar;C:\Users\iland\.m2\repository\org\slf4j\slf4j-log4j12\1.4.2\slf4j-log4j12-1.4.2.jar;C:\Users\iland\.m2\repository\org\slf4j\slf4j-api\1.4.2\slf4j-api-1.4.2.jar;C:\Users\iland\.m2\repository\log4j\log4j\1.2.14\log4j-1.2.14.jar;C:\Users\iland\.m2\repository\org\mockito\mockito-core\2.23.4\mockito-core-2.23.4.jar;C:\Users\iland\.m2\repository\net\bytebuddy\byte-buddy\1.9.3\byte-buddy-1.9.3.jar;C:\Users\iland\.m2\repository\net\bytebuddy\byte-buddy-agent\1.9.3\byte-buddy-agent-1.9.3.jar;C:\Users\iland\.m2\repository\org\objenesis\objenesis\2.6\objenesis-2.6.jar;C:\Users\iland\.m2\repository\javax\servlet\jstl\1.2\jstl-1.2.jar;C:\Users\iland\.m2\repository\net\sourceforge\cobertura\cobertura\2.1.1\cobertura-2.1.1.jar;C:\Users\iland\.m2\repository\jaxen\jaxen\1.1.4\jaxen-1.1.4.jar;C:\Users\iland\.m2\repository\org\apache\ant\ant\1.8.3\ant-1.8.3.jar;C:\Users\iland\.m2\repository\org\apache\ant\ant-launcher\1.8.3\ant-launcher-1.8.3.jar;C:\Users\iland\.m2\repository\org\apache\ant\ant-junit\1.8.3\ant-junit-1.8.3.jar;C:\Users\iland\.m2\repository\org\mortbay\jetty\servlet-api-2.5\6.1.14\servlet-api-2.5-6.1.14.jar;C:\Users\iland\.m2\repository\org\mortbay\jetty\jetty\6.1.14\jetty-6.1.14.jar;C:\Users\iland\.m2\repository\org\mortbay\jetty\jetty-util\6.1.14\jetty-util-6.1.14.jar;C:\Program Files\Java\jdk1.8.0_201\jre\..\lib\tools.jar;C:\Users\iland\.m2\repository\ch\qos\logback\logback-classic\1.0.13\logback-classic-1.0.13.jar;C:\Users\iland\.m2\repository\ch\qos\logback\logback-core\1.0.13\logback-core-1.0.13.jar;C:\Users\iland\.m2\repository\org\apache\commons\commons-lang3\3.3.2\commons-lang3-3.3.2.jar;"/>
    <property name="java.vm.vendor" value="Oracle Corporation"/>
    <property name="sun.arch.data.model" value="64"/>
    <property name="user.variant" value=""/>
    <property name="java.vendor.url" value="http://java.oracle.com/"/>
    <property name="user.timezone" value="Europe/Moscow"/>
    <property name="java.vm.specification.version" value="1.8"/>
    <property name="os.name" value="Windows 10"/>
    <property name="user.country" value="RU"/>
    <property name="sun.java.launcher" value="SUN_STANDARD"/>
    <property name="sun.boot.library.path" value="C:\Program Files\Java\jdk1.8.0_201\jre\bin"/>
    <property name="sun.java.command" value="C:\Users\iland\AppData\Local\Temp\surefire6212724458645108472\surefirebooter1431423052359603462.jar C:\Users\iland\AppData\Local\Temp\surefire6212724458645108472 2019-09-21T08-37-31_251-jvmRun1 surefire2055494253559539239tmp surefire_09203256329606395479tmp"/>
    <property name="surefire.test.class.path" value="C:\Users\iland\tommultimodule\dao\target\test-classes;C:\Users\iland\tommultimodule\dao\target\generated-classes\cobertura;C:\Users\iland\tommultimodule\model\target\model-1.0-SNAPSHOT.jar;C:\Users\iland\.m2\repository\junit\junit\4.11\junit-4.11.jar;C:\Users\iland\.m2\repository\org\hamcrest\hamcrest-core\1.3\hamcrest-core-1.3.jar;C:\Users\iland\.m2\repository\mysql\mysql-connector-java\8.0.16\mysql-connector-java-8.0.16.jar;C:\Users\iland\.m2\repository\com\google\protobuf\protobuf-java\3.6.1\protobuf-java-3.6.1.jar;C:\Users\iland\.m2\repository\commons-lang\commons-lang\2.6\commons-lang-2.6.jar;C:\Users\iland\.m2\repository\org\slf4j\slf4j-log4j12\1.4.2\slf4j-log4j12-1.4.2.jar;C:\Users\iland\.m2\repository\org\slf4j\slf4j-api\1.4.2\slf4j-api-1.4.2.jar;C:\Users\iland\.m2\repository\log4j\log4j\1.2.14\log4j-1.2.14.jar;C:\Users\iland\.m2\repository\org\mockito\mockito-core\2.23.4\mockito-core-2.23.4.jar;C:\Users\iland\.m2\repository\net\bytebuddy\byte-buddy\1.9.3\byte-buddy-1.9.3.jar;C:\Users\iland\.m2\repository\net\bytebuddy\byte-buddy-agent\1.9.3\byte-buddy-agent-1.9.3.jar;C:\Users\iland\.m2\repository\org\objenesis\objenesis\2.6\objenesis-2.6.jar;C:\Users\iland\.m2\repository\javax\servlet\jstl\1.2\jstl-1.2.jar;C:\Users\iland\.m2\repository\net\sourceforge\cobertura\cobertura\2.1.1\cobertura-2.1.1.jar;C:\Users\iland\.m2\repository\jaxen\jaxen\1.1.4\jaxen-1.1.4.jar;C:\Users\iland\.m2\repository\org\apache\ant\ant\1.8.3\ant-1.8.3.jar;C:\Users\iland\.m2\repository\org\apache\ant\ant-launcher\1.8.3\ant-launcher-1.8.3.jar;C:\Users\iland\.m2\repository\org\apache\ant\ant-junit\1.8.3\ant-junit-1.8.3.jar;C:\Users\iland\.m2\repository\org\mortbay\jetty\servlet-api-2.5\6.1.14\servlet-api-2.5-6.1.14.jar;C:\Users\iland\.m2\repository\org\mortbay\jetty\jetty\6.1.14\jetty-6.1.14.jar;C:\Users\iland\.m2\repository\org\mortbay\jetty\jetty-util\6.1.14\jetty-util-6.1.14.jar;C:\Program Files\Java\jdk1.8.0_201\jre\..\lib\tools.jar;C:\Users\iland\.m2\repository\ch\qos\logback\logback-classic\1.0.13\logback-classic-1.0.13.jar;C:\Users\iland\.m2\repository\ch\qos\logback\logback-core\1.0.13\logback-core-1.0.13.jar;C:\Users\iland\.m2\repository\org\apache\commons\commons-lang3\3.3.2\commons-lang3-3.3.2.jar;"/>
    <property name="sun.cpu.endian" value="little"/>
    <property name="user.home" value="C:\Users\iland"/>
    <property name="user.language" value="ru"/>
    <property name="java.specification.vendor" value="Oracle Corporation"/>
    <property name="java.home" value="C:\Program Files\Java\jdk1.8.0_201\jre"/>
    <property name="basedir" value="C:\Users\iland\tommultimodule\dao"/>
    <property name="file.separator" value="\"/>
    <property name="line.separator" value="&#10;"/>
    <property name="java.vm.specification.vendor" value="Oracle Corporation"/>
    <property name="java.specification.name" value="Java Platform API Specification"/>
    <property name="java.awt.graphicsenv" value="sun.awt.Win32GraphicsEnvironment"/>
    <property name="surefire.real.class.path" value="C:\Users\iland\AppData\Local\Temp\surefire6212724458645108472\surefirebooter1431423052359603462.jar"/>
    <property name="sun.boot.class.path" value="C:\Program Files\Java\jdk1.8.0_201\jre\lib\resources.jar;C:\Program Files\Java\jdk1.8.0_201\jre\lib\rt.jar;C:\Program Files\Java\jdk1.8.0_201\jre\lib\sunrsasign.jar;C:\Program Files\Java\jdk1.8.0_201\jre\lib\jsse.jar;C:\Program Files\Java\jdk1.8.0_201\jre\lib\jce.jar;C:\Program Files\Java\jdk1.8.0_201\jre\lib\charsets.jar;C:\Program Files\Java\jdk1.8.0_201\jre\lib\jfr.jar;C:\Program Files\Java\jdk1.8.0_201\jre\classes"/>
    <property name="user.script" value=""/>
    <property name="sun.management.compiler" value="HotSpot 64-Bit Tiered Compilers"/>
    <property name="java.runtime.version" value="1.8.0_201-b09"/>
    <property name="user.name" value="iland"/>
    <property name="path.separator" value=";"/>
    <property name="os.version" value="10.0"/>
    <property name="java.endorsed.dirs" value="C:\Program Files\Java\jdk1.8.0_201\jre\lib\endorsed"/>
    <property name="java.runtime.name" value="Java(TM) SE Runtime Environment"/>
    <property name="file.encoding" value="Cp1251"/>
    <property name="java.vm.name" value="Java HotSpot(TM) 64-Bit Server VM"/>
    <property name="localRepository" value="C:\Users\iland\.m2\repository"/>
    <property name="java.vendor.url.bug" value="http://bugreport.sun.com/bugreport/"/>
    <property name="java.io.tmpdir" value="C:\Users\iland\AppData\Local\Temp\"/>
    <property name="java.version" value="1.8.0_201"/>
    <property name="user.dir" value="C:\Users\iland\tommultimodule\dao"/>
    <property name="os.arch" value="amd64"/>
    <property name="java.vm.specification.name" value="Java Virtual Machine Specification"/>
    <property name="java.awt.printerjob" value="sun.awt.windows.WPrinterJob"/>
    <property name="sun.os.patch.level" value=""/>
    <property name="java.library.path" value="C:\Program Files\Java\jdk1.8.0_201\jre\bin;C:\WINDOWS\Sun\Java\bin;C:\WINDOWS\system32;C:\WINDOWS;C:\Program Files (x86)\Common Files\Oracle\Java\javapath;C:\WINDOWS\system32;C:\WINDOWS;C:\WINDOWS\System32\Wbem;C:\WINDOWS\System32\WindowsPowerShell\v1.0\;C:\Program Files\maven\bin;C:\Program Files\Java\jdk1.8.0_201\bin;C:\WINDOWS\System32\OpenSSH\;C:\Program Files\Git\cmd;C:\Program Files\MySQL\MySQL Shell 8.0\bin\;."/>
    <property name="java.vm.info" value="mixed mode"/>
    <property name="java.vendor" value="Oracle Corporation"/>
    <property name="java.vm.version" value="25.201-b09"/>
    <property name="java.ext.dirs" value="C:\Program Files\Java\jdk1.8.0_201\jre\lib\ext;C:\WINDOWS\Sun\Java\lib\ext"/>
    <property name="sun.io.unicode.encoding" value="UnicodeLittle"/>
    <property name="java.class.version" value="52.0"/>
  </properties>
  <testcase name="UserDaoImplTest" classname="dao.user.UserDaoImplTest" time="4.931"/>
</testsuite>